{
  "numFailedTestSuites": 0,
  "numFailedTests": 0,
  "numPassedTestSuites": 2,
  "numPassedTests": 6,
  "numPendingTestSuites": 0,
  "numPendingTests": 0,
  "numRuntimeErrorTestSuites": 0,
  "numTodoTests": 0,
  "numTotalTestSuites": 2,
  "numTotalTests": 6,
  "openHandles": [],
  "snapshot": {
    "added": 0,
    "didUpdate": false,
    "failure": false,
    "filesAdded": 0,
    "filesRemoved": 0,
    "filesRemovedList": [],
    "filesUnmatched": 0,
    "filesUpdated": 0,
    "matched": 0,
    "total": 0,
    "unchecked": 0,
    "uncheckedKeysByFile": [],
    "unmatched": 0,
    "updated": 0
  },
  "startTime": 1747363821652,
  "success": false,
  "testResults": [
    {
      "leaks": false,
      "numFailingTests": 0,
      "numPassingTests": 2,
      "numPendingTests": 0,
      "numTodoTests": 0,
      "openHandles": [],
      "perfStats": {
        "end": 1747363822381,
        "runtime": 439,
        "slow": false,
        "start": 1747363821942
      },
      "skipped": false,
      "snapshot": {
        "added": 0,
        "fileDeleted": false,
        "matched": 0,
        "unchecked": 0,
        "uncheckedKeys": [],
        "unmatched": 0,
        "updated": 0
      },
      "testFilePath": "/Users/anselmo.filho/Documents/SimuladorCTFL/__tests__/timer.test.js",
      "testResults": [
        {
          "ancestorTitles": [
            "startTimer()"
          ],
          "duration": 26,
          "failureDetails": [],
          "failureMessages": [],
          "fullName": "startTimer() deve atualizar o tempo corretamente",
          "invocations": 1,
          "location": null,
          "numPassingAsserts": 2,
          "retryReasons": [],
          "status": "passed",
          "title": "deve atualizar o tempo corretamente"
        },
        {
          "ancestorTitles": [
            "startTimer()"
          ],
          "duration": 4,
          "failureDetails": [],
          "failureMessages": [],
          "fullName": "startTimer() deve parar ao final do tempo",
          "invocations": 1,
          "location": null,
          "numPassingAsserts": 1,
          "retryReasons": [],
          "status": "passed",
          "title": "deve parar ao final do tempo"
        }
      ],
      "failureMessage": null
    },
    {
      "leaks": false,
      "numFailingTests": 0,
      "numPassingTests": 4,
      "numPendingTests": 0,
      "numTodoTests": 0,
      "openHandles": [],
      "perfStats": {
        "end": 1747363822419,
        "runtime": 19,
        "slow": false,
        "start": 1747363822400
      },
      "skipped": false,
      "snapshot": {
        "added": 0,
        "fileDeleted": false,
        "matched": 0,
        "unchecked": 0,
        "uncheckedKeys": [],
        "unmatched": 0,
        "updated": 0
      },
      "testFilePath": "/Users/anselmo.filho/Documents/SimuladorCTFL/__tests__/simulador.test.js",
      "testResults": [
        {
          "ancestorTitles": [
            "simulador.js"
          ],
          "duration": 1,
          "failureDetails": [],
          "failureMessages": [],
          "fullName": "simulador.js deve registrar acertos e erros corretamente",
          "invocations": 1,
          "location": null,
          "numPassingAsserts": 3,
          "retryReasons": [],
          "status": "passed",
          "title": "deve registrar acertos e erros corretamente"
        },
        {
          "ancestorTitles": [
            "simulador.js"
          ],
          "duration": 0,
          "failureDetails": [],
          "failureMessages": [],
          "fullName": "simulador.js deve definir e retornar uma pergunta",
          "invocations": 1,
          "location": null,
          "numPassingAsserts": 1,
          "retryReasons": [],
          "status": "passed",
          "title": "deve definir e retornar uma pergunta"
        },
        {
          "ancestorTitles": [
            "simulador.js"
          ],
          "duration": 0,
          "failureDetails": [],
          "failureMessages": [],
          "fullName": "simulador.js deve retornar undefined para índice inválido",
          "invocations": 1,
          "location": null,
          "numPassingAsserts": 1,
          "retryReasons": [],
          "status": "passed",
          "title": "deve retornar undefined para índice inválido"
        },
        {
          "ancestorTitles": [
            "simulador.js"
          ],
          "duration": 1,
          "failureDetails": [],
          "failureMessages": [],
          "fullName": "simulador.js deve resetar todos os dados com resetState()",
          "invocations": 1,
          "location": null,
          "numPassingAsserts": 2,
          "retryReasons": [],
          "status": "passed",
          "title": "deve resetar todos os dados com resetState()"
        }
      ],
      "failureMessage": null
    }
  ],
  "wasInterrupted": false
}