<?xml version="1.0" encoding="UTF-8"?>
<coverage generated="1747363822452" clover="3.2.0">
  <project timestamp="1747363822452" name="All files">
    <metrics statements="32" coveredstatements="28" conditionals="10" coveredconditionals="4" methods="7" coveredmethods="7" elements="49" coveredelements="39" complexity="0" loc="32" ncloc="32" packages="1" files="2" classes="2"/>
    <file name="simulador.js" path="/Users/anselmo.filho/Documents/SimuladorCTFL/simulador.js">
      <metrics statements="19" coveredstatements="19" conditionals="2" coveredconditionals="2" methods="5" coveredmethods="5"/>
      <line num="1" count="1" type="stmt"/>
      <line num="2" count="1" type="stmt"/>
      <line num="3" count="1" type="stmt"/>
      <line num="4" count="1" type="stmt"/>
      <line num="5" count="1" type="stmt"/>
      <line num="8" count="5" type="stmt"/>
      <line num="9" count="5" type="stmt"/>
      <line num="10" count="5" type="stmt"/>
      <line num="11" count="5" type="stmt"/>
      <line num="12" count="5" type="stmt"/>
      <line num="16" count="4" type="cond" truecount="2" falsecount="0"/>
      <line num="17" count="2" type="stmt"/>
      <line num="19" count="2" type="stmt"/>
      <line num="21" count="4" type="stmt"/>
      <line num="25" count="2" type="stmt"/>
      <line num="34" count="3" type="stmt"/>
      <line num="35" count="3" type="stmt"/>
      <line num="39" count="3" type="stmt"/>
      <line num="42" count="1" type="stmt"/>
    </file>
    <file name="timer.js" path="/Users/anselmo.filho/Documents/SimuladorCTFL/timer.js">
      <metrics statements="13" coveredstatements="9" conditionals="8" coveredconditionals="2" methods="2" coveredmethods="2"/>
      <line num="2" count="2" type="stmt"/>
      <line num="4" count="2" type="stmt"/>
      <line num="5" count="3" type="stmt"/>
      <line num="7" count="3" type="stmt"/>
      <line num="8" count="3" type="stmt"/>
      <line num="10" count="3" type="cond" truecount="1" falsecount="1"/>
      <line num="11" count="3" type="stmt"/>
      <line num="16" count="3" type="cond" truecount="1" falsecount="1"/>
      <line num="17" count="0" type="stmt"/>
      <line num="18" count="0" type="stmt"/>
      <line num="19" count="0" type="cond" truecount="0" falsecount="4"/>
      <line num="20" count="0" type="stmt"/>
      <line num="26" count="1" type="stmt"/>
    </file>
  </project>
</coverage>
