{"/Users/anselmo.filho/Documents/SimuladorCTFL/simulador.js": {"path":"/Users/anselmo.filho/Documents/SimuladorCTFL/simulador.js","statementMap":{"0":{"start":{"line":1,"column":21},"end":{"line":1,"column":22}},"1":{"start":{"line":2,"column":23},"end":{"line":2,"column":24}},"2":{"start":{"line":3,"column":21},"end":{"line":3,"column":22}},"3":{"start":{"line":4,"column":24},"end":{"line":4,"column":25}},"4":{"start":{"line":5,"column":16},"end":{"line":5,"column":18}},"5":{"start":{"line":8,"column":2},"end":{"line":8,"column":21}},"6":{"start":{"line":9,"column":2},"end":{"line":9,"column":23}},"7":{"start":{"line":10,"column":2},"end":{"line":10,"column":24}},"8":{"start":{"line":11,"column":2},"end":{"line":11,"column":21}},"9":{"start":{"line":12,"column":2},"end":{"line":12,"column":17}},"10":{"start":{"line":16,"column":2},"end":{"line":16,"column":45}},"11":{"start":{"line":16,"column":38},"end":{"line":16,"column":45}},"12":{"start":{"line":17,"column":2},"end":{"line":21,"column":3}},"13":{"start":{"line":18,"column":4},"end":{"line":18,"column":21}},"14":{"start":{"line":20,"column":4},"end":{"line":20,"column":23}},"15":{"start":{"line":22,"column":2},"end":{"line":22,"column":22}},"16":{"start":{"line":26,"column":2},"end":{"line":31,"column":4}},"17":{"start":{"line":35,"column":2},"end":{"line":37,"column":3}},"18":{"start":{"line":36,"column":4},"end":{"line":36,"column":65}},"19":{"start":{"line":39,"column":2},"end":{"line":42,"column":3}},"20":{"start":{"line":40,"column":4},"end":{"line":40,"column":50}},"21":{"start":{"line":41,"column":4},"end":{"line":41,"column":11}},"22":{"start":{"line":44,"column":2},"end":{"line":44,"column":27}},"23":{"start":{"line":45,"column":2},"end":{"line":45,"column":36}},"24":{"start":{"line":49,"column":2},"end":{"line":51,"column":3}},"25":{"start":{"line":50,"column":4},"end":{"line":50,"column":21}},"26":{"start":{"line":52,"column":2},"end":{"line":52,"column":26}},"27":{"start":{"line":55,"column":0},"end":{"line":61,"column":2}}},"fnMap":{"0":{"name":"resetState","decl":{"start":{"line":7,"column":9},"end":{"line":7,"column":19}},"loc":{"start":{"line":7,"column":22},"end":{"line":13,"column":1}},"line":7},"1":{"name":"updateStats","decl":{"start":{"line":15,"column":9},"end":{"line":15,"column":20}},"loc":{"start":{"line":15,"column":32},"end":{"line":23,"column":1}},"line":15},"2":{"name":"getScore","decl":{"start":{"line":25,"column":9},"end":{"line":25,"column":17}},"loc":{"start":{"line":25,"column":20},"end":{"line":32,"column":1}},"line":25},"3":{"name":"setQuestions","decl":{"start":{"line":34,"column":9},"end":{"line":34,"column":21}},"loc":{"start":{"line":34,"column":36},"end":{"line":46,"column":1}},"line":34},"4":{"name":"getQuestion","decl":{"start":{"line":48,"column":9},"end":{"line":48,"column":20}},"loc":{"start":{"line":48,"column":28},"end":{"line":53,"column":1}},"line":48}},"branchMap":{"0":{"loc":{"start":{"line":16,"column":2},"end":{"line":16,"column":45}},"type":"if","locations":[{"start":{"line":16,"column":2},"end":{"line":16,"column":45}},{"start":{},"end":{}}],"line":16},"1":{"loc":{"start":{"line":17,"column":2},"end":{"line":21,"column":3}},"type":"if","locations":[{"start":{"line":17,"column":2},"end":{"line":21,"column":3}},{"start":{"line":19,"column":9},"end":{"line":21,"column":3}}],"line":17},"2":{"loc":{"start":{"line":35,"column":2},"end":{"line":37,"column":3}},"type":"if","locations":[{"start":{"line":35,"column":2},"end":{"line":37,"column":3}},{"start":{},"end":{}}],"line":35},"3":{"loc":{"start":{"line":39,"column":2},"end":{"line":42,"column":3}},"type":"if","locations":[{"start":{"line":39,"column":2},"end":{"line":42,"column":3}},{"start":{},"end":{}}],"line":39},"4":{"loc":{"start":{"line":49,"column":2},"end":{"line":51,"column":3}},"type":"if","locations":[{"start":{"line":49,"column":2},"end":{"line":51,"column":3}},{"start":{},"end":{}}],"line":49},"5":{"loc":{"start":{"line":49,"column":6},"end":{"line":49,"column":44}},"type":"binary-expr","locations":[{"start":{"line":49,"column":6},"end":{"line":49,"column":15}},{"start":{"line":49,"column":19},"end":{"line":49,"column":44}}],"line":49}},"s":{"0":1,"1":1,"2":1,"3":1,"4":1,"5":12,"6":12,"7":12,"8":12,"9":12,"10":9,"11":2,"12":7,"13":4,"14":3,"15":7,"16":4,"17":8,"18":2,"19":6,"20":1,"21":1,"22":5,"23":5,"24":6,"25":5,"26":1,"27":1},"f":{"0":12,"1":9,"2":4,"3":8,"4":6},"b":{"0":[2,7],"1":[4,3],"2":[2,6],"3":[1,5],"4":[5,1],"5":[6,5]},"_coverageSchema":"1a1c01bbd47fc00a2c39e90264f33305004495a9","hash":"6fc555001ad59881546638fe9fcfdd31eab1fab9"}
,"/Users/anselmo.filho/Documents/SimuladorCTFL/timer.js": {"path":"/Users/anselmo.filho/Documents/SimuladorCTFL/timer.js","statementMap":{"0":{"start":{"line":5,"column":2},"end":{"line":5,"column":44}},"1":{"start":{"line":5,"column":18},"end":{"line":5,"column":44}},"2":{"start":{"line":7,"column":2},"end":{"line":7,"column":69}},"3":{"start":{"line":7,"column":62},"end":{"line":7,"column":69}},"4":{"start":{"line":10,"column":2},"end":{"line":15,"column":3}},"5":{"start":{"line":11,"column":4},"end":{"line":11,"column":34}},"6":{"start":{"line":12,"column":16},"end":{"line":12,"column":61}},"7":{"start":{"line":13,"column":4},"end":{"line":13,"column":27}},"8":{"start":{"line":13,"column":13},"end":{"line":13,"column":27}},"9":{"start":{"line":14,"column":4},"end":{"line":14,"column":11}},"10":{"start":{"line":18,"column":20},"end":{"line":18,"column":38}},"11":{"start":{"line":19,"column":20},"end":{"line":19,"column":26}},"12":{"start":{"line":20,"column":4},"end":{"line":22,"column":26}},"13":{"start":{"line":25,"column":14},"end":{"line":25,"column":19}},"14":{"start":{"line":26,"column":2},"end":{"line":26,"column":23}},"15":{"start":{"line":28,"column":2},"end":{"line":37,"column":11}},"16":{"start":{"line":29,"column":4},"end":{"line":29,"column":12}},"17":{"start":{"line":30,"column":4},"end":{"line":30,"column":25}},"18":{"start":{"line":32,"column":4},"end":{"line":36,"column":5}},"19":{"start":{"line":33,"column":6},"end":{"line":33,"column":32}},"20":{"start":{"line":34,"column":18},"end":{"line":34,"column":63}},"21":{"start":{"line":35,"column":6},"end":{"line":35,"column":29}},"22":{"start":{"line":35,"column":15},"end":{"line":35,"column":29}},"23":{"start":{"line":40,"column":0},"end":{"line":40,"column":32}}},"fnMap":{"0":{"name":"startTimer","decl":{"start":{"line":3,"column":9},"end":{"line":3,"column":19}},"loc":{"start":{"line":3,"column":36},"end":{"line":38,"column":1}},"line":3},"1":{"name":"updateDisplay","decl":{"start":{"line":17,"column":11},"end":{"line":17,"column":24}},"loc":{"start":{"line":17,"column":28},"end":{"line":23,"column":3}},"line":17},"2":{"name":"(anonymous_2)","decl":{"start":{"line":28,"column":27},"end":{"line":28,"column":28}},"loc":{"start":{"line":28,"column":33},"end":{"line":37,"column":3}},"line":28}},"branchMap":{"0":{"loc":{"start":{"line":5,"column":2},"end":{"line":5,"column":44}},"type":"if","locations":[{"start":{"line":5,"column":2},"end":{"line":5,"column":44}},{"start":{},"end":{}}],"line":5},"1":{"loc":{"start":{"line":7,"column":2},"end":{"line":7,"column":69}},"type":"if","locations":[{"start":{"line":7,"column":2},"end":{"line":7,"column":69}},{"start":{},"end":{}}],"line":7},"2":{"loc":{"start":{"line":7,"column":6},"end":{"line":7,"column":60}},"type":"binary-expr","locations":[{"start":{"line":7,"column":6},"end":{"line":7,"column":14}},{"start":{"line":7,"column":18},"end":{"line":7,"column":60}}],"line":7},"3":{"loc":{"start":{"line":10,"column":2},"end":{"line":15,"column":3}},"type":"if","locations":[{"start":{"line":10,"column":2},"end":{"line":15,"column":3}},{"start":{},"end":{}}],"line":10},"4":{"loc":{"start":{"line":13,"column":4},"end":{"line":13,"column":27}},"type":"if","locations":[{"start":{"line":13,"column":4},"end":{"line":13,"column":27}},{"start":{},"end":{}}],"line":13},"5":{"loc":{"start":{"line":32,"column":4},"end":{"line":36,"column":5}},"type":"if","locations":[{"start":{"line":32,"column":4},"end":{"line":36,"column":5}},{"start":{},"end":{}}],"line":32},"6":{"loc":{"start":{"line":35,"column":6},"end":{"line":35,"column":29}},"type":"if","locations":[{"start":{"line":35,"column":6},"end":{"line":35,"column":29}},{"start":{},"end":{}}],"line":35}},"s":{"0":8,"1":7,"2":8,"3":1,"4":7,"5":3,"6":3,"7":3,"8":3,"9":3,"10":7,"11":7,"12":7,"13":4,"14":4,"15":4,"16":3,"17":3,"18":3,"19":1,"20":1,"21":1,"22":0,"23":1},"f":{"0":8,"1":7,"2":3},"b":{"0":[7,1],"1":[1,7],"2":[8,7],"3":[3,4],"4":[3,0],"5":[1,2],"6":[0,1]},"_coverageSchema":"1a1c01bbd47fc00a2c39e90264f33305004495a9","hash":"699a3f67da30e31ba4a99d26e5847697825521c4"}
}
