TN:
SF:simulador.js
FN:7,resetState
FN:15,updateStats
FN:24,getScore
FN:33,setQuestions
FN:38,getQuestion
FNF:5
FNH:5
FNDA:8,resetState
FNDA:7,updateStats
FNDA:3,getScore
FNDA:5,setQuestions
FNDA:5,getQuestion
DA:1,1
DA:2,1
DA:3,1
DA:4,1
DA:5,1
DA:8,8
DA:9,8
DA:10,8
DA:11,8
DA:12,8
DA:16,7
DA:17,4
DA:19,3
DA:21,7
DA:25,3
DA:34,5
DA:35,5
DA:39,5
DA:42,1
LF:19
LH:19
BRDA:16,0,0,4
BRDA:16,0,1,3
BRF:2
BRH:2
end_of_record
TN:
SF:timer.js
FN:1,startTimer
FN:4,(anonymous_1)
FNF:2
FNH:2
FNDA:4,startTimer
FNDA:4,(anonymous_1)
DA:2,4
DA:4,4
DA:5,4
DA:7,4
DA:8,4
DA:10,4
DA:11,4
DA:16,4
DA:17,0
DA:18,0
DA:19,0
DA:20,0
DA:26,1
LF:13
LH:9
BRDA:10,0,0,4
BRDA:10,0,1,0
BRDA:16,1,0,0
BRDA:16,1,1,4
BRDA:19,2,0,0
BRDA:19,2,1,0
BRDA:19,3,0,0
BRDA:19,3,1,0
BRF:8
BRH:2
end_of_record
