TN:
SF:simulador.js
FN:7,resetState
FN:15,updateStats
FN:24,getScore
FN:33,setQuestions
FN:38,getQuestion
FNF:5
FNH:5
FNDA:5,resetState
FNDA:4,updateStats
FNDA:2,getScore
FNDA:3,setQuestions
FNDA:3,getQuestion
DA:1,1
DA:2,1
DA:3,1
DA:4,1
DA:5,1
DA:8,5
DA:9,5
DA:10,5
DA:11,5
DA:12,5
DA:16,4
DA:17,2
DA:19,2
DA:21,4
DA:25,2
DA:34,3
DA:35,3
DA:39,3
DA:42,1
LF:19
LH:19
BRDA:16,0,0,2
BRDA:16,0,1,2
BRF:2
BRH:2
end_of_record
TN:
SF:timer.js
FN:1,startTimer
FN:4,(anonymous_1)
FNF:2
FNH:2
FNDA:2,startTimer
FNDA:3,(anonymous_1)
DA:2,2
DA:4,2
DA:5,3
DA:7,3
DA:8,3
DA:10,3
DA:11,3
DA:16,3
DA:17,0
DA:18,0
DA:19,0
DA:20,0
DA:26,1
LF:13
LH:9
BRDA:10,0,0,3
BRDA:10,0,1,0
BRDA:16,1,0,0
BRDA:16,1,1,3
BRDA:19,2,0,0
BRDA:19,2,1,0
BRDA:19,3,0,0
BRDA:19,3,1,0
BRF:8
BRH:2
end_of_record
